#
# There is insufficient memory for the Java Runtime Environment to continue.
# Native memory allocation (mmap) failed to map 27262976 bytes for G1 virtual space
# Possible reasons:
#   The system is out of physical RAM or swap space
#   The process is running with CompressedOops enabled, and the Java Heap may be blocking the growth of the native heap
# Possible solutions:
#   Reduce memory load on the system
#   Increase physical memory or swap space
#   Check if swap backing store is full
#   Decrease Java heap size (-Xmx/-Xms)
#   Decrease number of Java threads
#   Decrease Java thread stack sizes (-Xss)
#   Set larger code cache with -XX:ReservedCodeCacheSize=
#   JVM is running with Zero Based Compressed Oops mode in which the Java heap is
#     placed in the first 32GB address space. The Java Heap base address is the
#     maximum limit for the native heap growth. Please use -XX:HeapBaseMinAddress
#     to set the Java Heap base and to place the Java Heap above 32GB virtual address.
# This output file may be truncated or incomplete.
#
#  Out of Memory Error (os_windows.cpp:3550), pid=18636, tid=14808
#
# JRE version: Java(TM) SE Runtime Environment (17.0.6+9) (build 17.0.6+9-LTS-190)
# Java VM: Java HotSpot(TM) 64-Bit Server VM (17.0.6+9-LTS-190, mixed mode, sharing, tiered, compressed oops, compressed class ptrs, g1 gc, windows-amd64)
# No core dump will be written. Minidumps are not enabled by default on client versions of Windows
#

---------------  S U M M A R Y ------------

Command Line: -Dapplication.home=C:\Program Files\Java\jdk-17 --add-modules=ALL-DEFAULT -Xms8m -Djdk.module.main=jdk.compiler jdk.compiler/com.sun.tools.javac.Main -d C:\Users\DELL\Music\Documents\NetBeansProjects\-management-of-a-ceramic-processing-company\build\classes -classpath C:\Users\DELL\Music\Documents\NetBeansProjects\-management-of-a-ceramic-processing-company\build\classes;C:\Users\DELL\Music\Documents\NetBeansProjects\-management-of-a-ceramic-processing-company\lib\absolutelayout\AbsoluteLayout.jar;C:\Users\DELL\Music\Documents\NetBeansProjects\-management-of-a-ceramic-processing-company\lib\CopyLibs\org-netbeans-modules-java-j2seproject-copylibstask.jar;C:\Users\DELL\Music\Documents\NetBeansProjects\-management-of-a-ceramic-processing-company\lib\sqljdbc42.jar;C:\Users\DELL\Music\Documents\NetBeansProjects\-management-of-a-ceramic-processing-company\lib\jcalendar-1.4\lib\jcalendar-1.4.jar;C:\Users\DELL\Music\Documents\NetBeansProjects\-management-of-a-ceramic-processing-company\lib\swingx-all-1.6.4.jar -sourcepath C:\Users\DELL\Music\Documents\NetBeansProjects\-management-of-a-ceramic-processing-company\build\empty -target 17 -encoding UTF-8 -g -processorpath C:\Users\DELL\Music\Documents\NetBeansProjects\-management-of-a-ceramic-processing-company\lib\absolutelayout\AbsoluteLayout.jar;C:\Users\DELL\Music\Documents\NetBeansProjects\-management-of-a-ceramic-processing-company\lib\CopyLibs\org-netbeans-modules-java-j2seproject-copylibstask.jar;C:\Users\DELL\Downloads\jcalendar-1.4\lib\jcalendar-1.4.jar;C:\Users\DELL\Music\Documents\NetBeansProjects\-management-of-a-ceramic-processing-company\lib\sqljdbc42.jar;C:\Users\DELL\Music\Documents\NetBeansProjects\-management-of-a-ceramic-processing-company\lib\jcalendar-1.4\lib\jcalendar-1.4.jar;C:\Users\DELL\Music\Documents\NetBeansProjects\-management-of-a-ceramic-processing-company\lib\swingx-all-1.6.4.jar;C:\Users\DELL\Music\Documents\NetBeansProjects\-management-of-a-ceramic-processing-company\build\empty -s C:\Users\DELL\Music\Documents\NetBeansProjects\-management-of-a-ceramic-processing-company\build\generated-sources\ap-source-output -source 17 C:\Users\DELL\Music\Documents\NetBeansProjects\-management-of-a-ceramic-processing-company\src\ptud\DAO\DAO_TaiKhoan.java C:\Users\DELL\Music\Documents\NetBeansProjects\-management-of-a-ceramic-processing-company\src\ptud\GUI\GD_QLTK.java

Host: 11th Gen Intel(R) Core(TM) i7-1165G7 @ 2.80GHz, 8 cores, 15G,  Windows 11 , 64 bit Build 22621 (10.0.22621.2428)
Time: Tue Nov 14 14:13:40 2023 SE Asia Standard Time elapsed time: 0.757679 seconds (0d 0h 0m 0s)

---------------  T H R E A D  ---------------

Current thread (0x0000024dc8bef050):  VMThread "VM Thread" [stack: 0x000000f487f00000,0x000000f488000000] [id=14808]

Stack: [0x000000f487f00000,0x000000f488000000]
Native frames: (J=compiled Java code, j=interpreted, Vv=VM code, C=native code)
V  [jvm.dll+0x6734ea]
V  [jvm.dll+0x7d18f4]
V  [jvm.dll+0x7d309e]
V  [jvm.dll+0x7d3703]
V  [jvm.dll+0x2433c5]
V  [jvm.dll+0x6703f9]
V  [jvm.dll+0x664d32]
V  [jvm.dll+0x300086]
V  [jvm.dll+0x307606]
V  [jvm.dll+0x356c1e]
V  [jvm.dll+0x356e4f]
V  [jvm.dll+0x2d72e8]
V  [jvm.dll+0x2d57e5]
V  [jvm.dll+0x2d4dec]
V  [jvm.dll+0x31837b]
V  [jvm.dll+0x7d7f0b]
V  [jvm.dll+0x7d8c44]
V  [jvm.dll+0x7d915d]
V  [jvm.dll+0x7d9534]
V  [jvm.dll+0x7d9600]
V  [jvm.dll+0x781a7a]
V  [jvm.dll+0x672375]
C  [ucrtbase.dll+0x29363]
C  [KERNEL32.DLL+0x1257d]
C  [ntdll.dll+0x5aa78]

VM_Operation (0x000000f4879fc770): G1CollectForAllocation, mode: safepoint, requested by thread 0x0000024da6101390


---------------  P R O C E S S  ---------------

Threads class SMR info:
_java_thread_list=0x0000024dc9d7a510, length=14, elements={
0x0000024da6101390, 0x0000024dc8bf4790, 0x0000024dc8bf5340, 0x0000024dc8c0ee30,
0x0000024dc8c0f9e0, 0x0000024dc8c124a0, 0x0000024dc8c14e60, 0x0000024dc8c16200,
0x0000024dc8c16ca0, 0x0000024dc8c17aa0, 0x0000024dc9860430, 0x0000024dc98cd2a0,
0x0000024dc98cfe10, 0x0000024dca049fe0
}

Java Threads: ( => current thread )
  0x0000024da6101390 JavaThread "main" [_thread_blocked, id=22596, stack(0x000000f487900000,0x000000f487a00000)]
  0x0000024dc8bf4790 JavaThread "Reference Handler" daemon [_thread_blocked, id=22304, stack(0x000000f488000000,0x000000f488100000)]
  0x0000024dc8bf5340 JavaThread "Finalizer" daemon [_thread_blocked, id=18892, stack(0x000000f488100000,0x000000f488200000)]
  0x0000024dc8c0ee30 JavaThread "Signal Dispatcher" daemon [_thread_blocked, id=9632, stack(0x000000f488200000,0x000000f488300000)]
  0x0000024dc8c0f9e0 JavaThread "Attach Listener" daemon [_thread_blocked, id=22712, stack(0x000000f488300000,0x000000f488400000)]
  0x0000024dc8c124a0 JavaThread "Service Thread" daemon [_thread_blocked, id=9228, stack(0x000000f488400000,0x000000f488500000)]
  0x0000024dc8c14e60 JavaThread "Monitor Deflation Thread" daemon [_thread_blocked, id=12224, stack(0x000000f488500000,0x000000f488600000)]
  0x0000024dc8c16200 JavaThread "C2 CompilerThread0" daemon [_thread_in_native, id=6340, stack(0x000000f488600000,0x000000f488700000)]
  0x0000024dc8c16ca0 JavaThread "C1 CompilerThread0" daemon [_thread_blocked, id=304, stack(0x000000f488700000,0x000000f488800000)]
  0x0000024dc8c17aa0 JavaThread "Sweeper thread" daemon [_thread_blocked, id=22980, stack(0x000000f488800000,0x000000f488900000)]
  0x0000024dc9860430 JavaThread "Common-Cleaner" daemon [_thread_blocked, id=5632, stack(0x000000f488900000,0x000000f488a00000)]
  0x0000024dc98cd2a0 JavaThread "Notification Thread" daemon [_thread_blocked, id=20276, stack(0x000000f488a00000,0x000000f488b00000)]
  0x0000024dc98cfe10 JavaThread "C2 CompilerThread1" daemon [_thread_in_native, id=23696, stack(0x000000f488c00000,0x000000f488d00000)]
  0x0000024dca049fe0 JavaThread "C2 CompilerThread2" daemon [_thread_blocked, id=20012, stack(0x000000f489200000,0x000000f489300000)]

Other Threads:
=>0x0000024dc8bef050 VMThread "VM Thread" [stack: 0x000000f487f00000,0x000000f488000000] [id=14808]
  0x0000024dc98cd770 WatcherThread [stack: 0x000000f488b00000,0x000000f488c00000] [id=24460]
  0x0000024da616db40 GCTaskThread "GC Thread#0" [stack: 0x000000f487a00000,0x000000f487b00000] [id=21716]
  0x0000024dc9a4f6e0 GCTaskThread "GC Thread#1" [stack: 0x000000f488d00000,0x000000f488e00000] [id=18932]
  0x0000024dc9a4a4c0 GCTaskThread "GC Thread#2" [stack: 0x000000f488e00000,0x000000f488f00000] [id=2960]
  0x0000024dc9a4a770 GCTaskThread "GC Thread#3" [stack: 0x000000f488f00000,0x000000f489000000] [id=13876]
  0x0000024dc9ca6f40 GCTaskThread "GC Thread#4" [stack: 0x000000f489000000,0x000000f489100000] [id=16540]
  0x0000024dc9a9ffe0 GCTaskThread "GC Thread#5" [stack: 0x000000f489100000,0x000000f489200000] [id=22844]
  0x0000024dca355760 GCTaskThread "GC Thread#6" [stack: 0x000000f489300000,0x000000f489400000] [id=22996]
  0x0000024dca2d65b0 GCTaskThread "GC Thread#7" [stack: 0x000000f489400000,0x000000f489500000] [id=4444]
  0x0000024da617e640 ConcurrentGCThread "G1 Main Marker" [stack: 0x000000f487b00000,0x000000f487c00000] [id=2644]
  0x0000024da617f050 ConcurrentGCThread "G1 Conc#0" [stack: 0x000000f487c00000,0x000000f487d00000] [id=14680]
  0x0000024da61b88c0 ConcurrentGCThread "G1 Refine#0" [stack: 0x000000f487d00000,0x000000f487e00000] [id=16060]
  0x0000024da61b92e0 ConcurrentGCThread "G1 Service" [stack: 0x000000f487e00000,0x000000f487f00000] [id=18848]

Threads with active compile tasks:
C2 CompilerThread0      769 1641       4       com.sun.tools.javac.jvm.ClassReader::sigToType (893 bytes)
C1 CompilerThread0      769 1786       3       java.lang.ref.Cleaner::register (25 bytes)
C2 CompilerThread1      769 1505   !   4       com.sun.tools.javac.jvm.ClassReader::classSigToType (497 bytes)
C2 CompilerThread2      769 1746       4       com.sun.tools.javac.jvm.PoolReader::resolve (344 bytes)

VM state: at safepoint (normal execution)

VM Mutex/Monitor currently owned by a thread:  ([mutex/lock_event])
[0x0000024da60fca30] Threads_lock - owner thread: 0x0000024dc8bef050
[0x0000024da60fd720] Heap_lock - owner thread: 0x0000024da6101390

Heap address: 0x0000000704400000, size: 4028 MB, Compressed Oops mode: Zero based, Oop shift amount: 3

CDS archive(s) mapped at: [0x0000000800000000-0x0000000800bd0000-0x0000000800bd0000), size 12386304, SharedBaseAddress: 0x0000000800000000, ArchiveRelocationMode: 0.
Compressed class space mapped at: 0x0000000800c00000-0x0000000840c00000, reserved size: 1073741824
Narrow klass base: 0x0000000800000000, Narrow klass shift: 0, Narrow klass range: 0x100000000

GC Precious Log:
 CPUs: 8 total, 8 available
 Memory: 16110M
 Large Page Support: Disabled
 NUMA Support: Disabled
 Compressed Oops: Enabled (Zero based)
 Heap Region Size: 2M
 Heap Min Capacity: 8M
 Heap Initial Capacity: 8M
 Heap Max Capacity: 4028M
 Pre-touch: Disabled
 Parallel Workers: 8
 Concurrent Workers: 2
 Concurrent Refinement Workers: 8
 Periodic GC: Disabled

Heap:
 garbage-first heap   total 26624K, used 11305K [0x0000000704400000, 0x0000000800000000)
  region size 2048K, 1 young (2048K), 1 survivors (2048K)
 Metaspace       used 10156K, committed 10368K, reserved 1064960K
  class space    used 1167K, committed 1280K, reserved 1048576K

Heap Regions: E=young(eden), S=young(survivor), O=old, HS=humongous(starts), HC=humongous(continues), CS=collection set, F=free, OA=open archive, CA=closed archive, TAMS=top-at-mark-start (previous, next)
|   0|0x0000000704400000, 0x0000000704600000, 0x0000000704600000|100%| O|  |TAMS 0x0000000704400000, 0x0000000704400000| Untracked 
|   1|0x0000000704600000, 0x0000000704800000, 0x0000000704800000|100%| O|  |TAMS 0x0000000704600000, 0x0000000704600000| Untracked 
|   2|0x0000000704800000, 0x0000000704a00000, 0x0000000704a00000|100%| O|  |TAMS 0x0000000704800000, 0x0000000704800000| Untracked 
|   3|0x0000000704a00000, 0x0000000704b53e00, 0x0000000704c00000| 66%| O|  |TAMS 0x0000000704a00000, 0x0000000704a00000| Untracked 
|   4|0x0000000704c00000, 0x0000000704c00000, 0x0000000704e00000|  0%| F|  |TAMS 0x0000000704c00000, 0x0000000704c00000| Untracked 
|   5|0x0000000704e00000, 0x0000000704e00000, 0x0000000705000000|  0%| F|  |TAMS 0x0000000704e00000, 0x0000000704e00000| Untracked 
|   6|0x0000000705000000, 0x0000000705000000, 0x0000000705200000|  0%| F|  |TAMS 0x0000000705000000, 0x0000000705000000| Untracked 
|   7|0x0000000705200000, 0x00000007053b6650, 0x0000000705400000| 85%| S|CS|TAMS 0x0000000705200000, 0x0000000705200000| Complete 
|   8|0x0000000705400000, 0x0000000705400000, 0x0000000705600000|  0%| F|  |TAMS 0x0000000705400000, 0x0000000705400000| Untracked 
|   9|0x0000000705600000, 0x0000000705600000, 0x0000000705800000|  0%| F|  |TAMS 0x0000000705600000, 0x0000000705600000| Untracked 
|  10|0x0000000705800000, 0x0000000705800000, 0x0000000705a00000|  0%| F|  |TAMS 0x0000000705800000, 0x0000000705800000| Untracked 
|  11|0x0000000705a00000, 0x0000000705a00000, 0x0000000705c00000|  0%| F|  |TAMS 0x0000000705a00000, 0x0000000705a00000| Untracked 
|2013|0x00000007ffe00000, 0x0000000800000000, 0x0000000800000000|100%| O|  |TAMS 0x00000007ffe00000, 0x00000007ffe00000| Untracked 

Card table byte_map: [0x0000024dbd490000,0x0000024dbdc70000] _byte_map_base: 0x0000024db9c6e000

Marking Bits (Prev, Next): (CMBitMap*) 0x0000024da616e150, (CMBitMap*) 0x0000024da616e190
 Prev Bits: [0x0000024dbe450000, 0x0000024dc2340000)
 Next Bits: [0x0000024dc2340000, 0x0000024dc6230000)

Polling page: 0x0000024da4100000

Metaspace:

Usage:
  Non-class:      8.78 MB used.
      Class:      1.14 MB used.
       Both:      9.92 MB used.

Virtual space:
  Non-class space:       16.00 MB reserved,       8.88 MB ( 55%) committed,  2 nodes.
      Class space:        1.00 GB reserved,       1.25 MB ( <1%) committed,  1 nodes.
             Both:        1.02 GB reserved,      10.12 MB ( <1%) committed. 

Chunk freelists:
   Non-Class:  1.20 MB
       Class:  2.77 MB
        Both:  3.97 MB

MaxMetaspaceSize: unlimited
CompressedClassSpaceSize: 1.00 GB
Initial GC threshold: 21.00 MB
Current GC threshold: 21.00 MB
CDS: on
MetaspaceReclaimPolicy: balanced
 - commit_granule_bytes: 65536.
 - commit_granule_words: 8192.
 - virtual_space_node_default_size: 1048576.
 - enlarge_chunks_in_place: 1.
 - new_chunks_are_fully_committed: 0.
 - uncommit_free_chunks: 1.
 - use_allocation_guard: 0.
 - handle_deallocations: 1.


Internal statistics:

num_allocs_failed_limit: 0.
num_arena_births: 78.
num_arena_deaths: 0.
num_vsnodes_births: 3.
num_vsnodes_deaths: 0.
num_space_committed: 162.
num_space_uncommitted: 0.
num_chunks_returned_to_freelist: 0.
num_chunks_taken_from_freelist: 427.
num_chunk_merges: 0.
num_chunk_splits: 288.
num_chunks_enlarged: 230.
num_purges: 0.
num_inconsistent_stats: 0.

CodeHeap 'non-profiled nmethods': size=120000Kb used=599Kb max_used=599Kb free=119400Kb
 bounds [0x0000024db5450000, 0x0000024db56c0000, 0x0000024dbc980000]
CodeHeap 'profiled nmethods': size=120000Kb used=3460Kb max_used=3460Kb free=116539Kb
 bounds [0x0000024dad980000, 0x0000024dadcf0000, 0x0000024db4eb0000]
CodeHeap 'non-nmethods': size=5760Kb used=1162Kb max_used=1199Kb free=4597Kb
 bounds [0x0000024db4eb0000, 0x0000024db5120000, 0x0000024db5450000]
 total_blobs=2208 nmethods=1776 adapters=344
 compilation: enabled
              stopped_count=0, restarted_count=0
 full_count=0

Compilation events (20 events):
Event: 0.743 Thread 0x0000024dc8c16ca0 nmethod 1776 0x0000024dadcdc890 code [0x0000024dadcdcaa0, 0x0000024dadcdd028]
Event: 0.743 Thread 0x0000024dc8c16ca0 1778       3       com.sun.tools.javac.code.Types$TypeMapping$$Lambda$189/0x0000000800d27d08::apply (16 bytes)
Event: 0.744 Thread 0x0000024dc8c16ca0 nmethod 1778 0x0000024dadcdd290 code [0x0000024dadcdd460, 0x0000024dadcdd908]
Event: 0.744 Thread 0x0000024dc8c16ca0 1779       3       com.sun.tools.javac.code.Types$TypeMapping::lambda$visit$0 (10 bytes)
Event: 0.744 Thread 0x0000024dc8c16ca0 nmethod 1779 0x0000024dadcdda90 code [0x0000024dadcddc40, 0x0000024dadcddf88]
Event: 0.744 Thread 0x0000024dc8c16ca0 1777       3       com.sun.tools.javac.tree.TreeInfo::symbol (104 bytes)
Event: 0.745 Thread 0x0000024dc8c16ca0 nmethod 1777 0x0000024dadcde090 code [0x0000024dadcde340, 0x0000024dadcdf448]
Event: 0.745 Thread 0x0000024dc8c16ca0 1780       1       com.sun.tools.javac.code.Type::constValue (2 bytes)
Event: 0.745 Thread 0x0000024dc8c16ca0 nmethod 1780 0x0000024db54e5910 code [0x0000024db54e5aa0, 0x0000024db54e5b78]
Event: 0.745 Thread 0x0000024dc8c16ca0 1773       3       com.sun.tools.javac.tree.TreeScanner::visitLiteral (1 bytes)
Event: 0.745 Thread 0x0000024dc8c16ca0 nmethod 1773 0x0000024dadcdf890 code [0x0000024dadcdfa20, 0x0000024dadcdfb38]
Event: 0.746 Thread 0x0000024dc8c16ca0 1781       3       com.sun.tools.javac.tree.TreeTranslator::translate (23 bytes)
Event: 0.746 Thread 0x0000024dc8c16ca0 nmethod 1781 0x0000024dadcdfc10 code [0x0000024dadcdfdc0, 0x0000024dadce0048]
Event: 0.746 Thread 0x0000024dc8c16ca0 1782       3       java.util.HashMap::isEmpty (13 bytes)
Event: 0.746 Thread 0x0000024dc8c16ca0 nmethod 1782 0x0000024dadce0110 code [0x0000024dadce02a0, 0x0000024dadce0418]
Event: 0.747 Thread 0x0000024dc8c16ca0 1783       3       com.sun.tools.javac.tree.TreeInfo::name (65 bytes)
Event: 0.747 Thread 0x0000024dc8c16ca0 nmethod 1783 0x0000024dadce0490 code [0x0000024dadce0680, 0x0000024dadce0cd8]
Event: 0.750 Thread 0x0000024dc8c16ca0 1785       3       jdk.internal.org.objectweb.asm.SymbolTable::addConstantMethodref (24 bytes)
Event: 0.750 Thread 0x0000024dc8c16ca0 nmethod 1785 0x0000024dadce0f10 code [0x0000024dadce10c0, 0x0000024dadce1268]
Event: 0.750 Thread 0x0000024dc8c16ca0 1786       3       java.lang.ref.Cleaner::register (25 bytes)

GC Heap History (20 events):
Event: 0.300 GC heap after
{Heap after GC invocations=3 (full 0):
 garbage-first heap   total 8192K, used 2642K [0x0000000704400000, 0x0000000800000000)
  region size 2048K, 1 young (2048K), 1 survivors (2048K)
 Metaspace       used 7532K, committed 7680K, reserved 1064960K
  class space    used 876K, committed 960K, reserved 1048576K
}
Event: 0.361 GC heap before
{Heap before GC invocations=3 (full 0):
 garbage-first heap   total 8192K, used 2642K [0x0000000704400000, 0x0000000800000000)
  region size 2048K, 2 young (4096K), 1 survivors (2048K)
 Metaspace       used 7975K, committed 8128K, reserved 1064960K
  class space    used 919K, committed 1024K, reserved 1048576K
}
Event: 0.363 GC heap after
{Heap after GC invocations=4 (full 0):
 garbage-first heap   total 8192K, used 2939K [0x0000000704400000, 0x0000000800000000)
  region size 2048K, 1 young (2048K), 1 survivors (2048K)
 Metaspace       used 7975K, committed 8128K, reserved 1064960K
  class space    used 919K, committed 1024K, reserved 1048576K
}
Event: 0.418 GC heap before
{Heap before GC invocations=4 (full 0):
 garbage-first heap   total 8192K, used 2939K [0x0000000704400000, 0x0000000800000000)
  region size 2048K, 2 young (4096K), 1 survivors (2048K)
 Metaspace       used 8499K, committed 8704K, reserved 1064960K
  class space    used 988K, committed 1088K, reserved 1048576K
}
Event: 0.420 GC heap after
{Heap after GC invocations=5 (full 0):
 garbage-first heap   total 14336K, used 4118K [0x0000000704400000, 0x0000000800000000)
  region size 2048K, 1 young (2048K), 1 survivors (2048K)
 Metaspace       used 8499K, committed 8704K, reserved 1064960K
  class space    used 988K, committed 1088K, reserved 1048576K
}
Event: 0.468 GC heap before
{Heap before GC invocations=5 (full 0):
 garbage-first heap   total 14336K, used 6166K [0x0000000704400000, 0x0000000800000000)
  region size 2048K, 2 young (4096K), 1 survivors (2048K)
 Metaspace       used 8753K, committed 8896K, reserved 1064960K
  class space    used 1016K, committed 1088K, reserved 1048576K
}
Event: 0.471 GC heap after
{Heap after GC invocations=6 (full 0):
 garbage-first heap   total 14336K, used 4708K [0x0000000704400000, 0x0000000800000000)
  region size 2048K, 1 young (2048K), 1 survivors (2048K)
 Metaspace       used 8753K, committed 8896K, reserved 1064960K
  class space    used 1016K, committed 1088K, reserved 1048576K
}
Event: 0.490 GC heap before
{Heap before GC invocations=6 (full 0):
 garbage-first heap   total 14336K, used 6756K [0x0000000704400000, 0x0000000800000000)
  region size 2048K, 2 young (4096K), 1 survivors (2048K)
 Metaspace       used 8805K, committed 8960K, reserved 1064960K
  class space    used 1018K, committed 1088K, reserved 1048576K
}
Event: 0.492 GC heap after
{Heap after GC invocations=7 (full 0):
 garbage-first heap   total 14336K, used 4889K [0x0000000704400000, 0x0000000800000000)
  region size 2048K, 1 young (2048K), 1 survivors (2048K)
 Metaspace       used 8805K, committed 8960K, reserved 1064960K
  class space    used 1018K, committed 1088K, reserved 1048576K
}
Event: 0.511 GC heap before
{Heap before GC invocations=7 (full 0):
 garbage-first heap   total 14336K, used 6937K [0x0000000704400000, 0x0000000800000000)
  region size 2048K, 2 young (4096K), 1 survivors (2048K)
 Metaspace       used 8900K, committed 9088K, reserved 1064960K
  class space    used 1025K, committed 1088K, reserved 1048576K
}
Event: 0.513 GC heap after
{Heap after GC invocations=8 (full 0):
 garbage-first heap   total 14336K, used 5237K [0x0000000704400000, 0x0000000800000000)
  region size 2048K, 1 young (2048K), 1 survivors (2048K)
 Metaspace       used 8900K, committed 9088K, reserved 1064960K
  class space    used 1025K, committed 1088K, reserved 1048576K
}
Event: 0.537 GC heap before
{Heap before GC invocations=8 (full 0):
 garbage-first heap   total 14336K, used 7285K [0x0000000704400000, 0x0000000800000000)
  region size 2048K, 2 young (4096K), 1 survivors (2048K)
 Metaspace       used 9057K, committed 9280K, reserved 1064960K
  class space    used 1041K, committed 1152K, reserved 1048576K
}
Event: 0.539 GC heap after
{Heap after GC invocations=9 (full 0):
 garbage-first heap   total 26624K, used 5676K [0x0000000704400000, 0x0000000800000000)
  region size 2048K, 1 young (2048K), 1 survivors (2048K)
 Metaspace       used 9057K, committed 9280K, reserved 1064960K
  class space    used 1041K, committed 1152K, reserved 1048576K
}
Event: 0.573 GC heap before
{Heap before GC invocations=9 (full 0):
 garbage-first heap   total 26624K, used 11820K [0x0000000704400000, 0x0000000800000000)
  region size 2048K, 4 young (8192K), 1 survivors (2048K)
 Metaspace       used 9114K, committed 9280K, reserved 1064960K
  class space    used 1043K, committed 1152K, reserved 1048576K
}
Event: 0.577 GC heap after
{Heap after GC invocations=10 (full 0):
 garbage-first heap   total 26624K, used 6697K [0x0000000704400000, 0x0000000800000000)
  region size 2048K, 1 young (2048K), 1 survivors (2048K)
 Metaspace       used 9114K, committed 9280K, reserved 1064960K
  class space    used 1043K, committed 1152K, reserved 1048576K
}
Event: 0.612 GC heap before
{Heap before GC invocations=10 (full 0):
 garbage-first heap   total 26624K, used 12841K [0x0000000704400000, 0x0000000800000000)
  region size 2048K, 4 young (8192K), 1 survivors (2048K)
 Metaspace       used 9208K, committed 9408K, reserved 1064960K
  class space    used 1055K, committed 1152K, reserved 1048576K
}
Event: 0.616 GC heap after
{Heap after GC invocations=11 (full 0):
 garbage-first heap   total 26624K, used 8142K [0x0000000704400000, 0x0000000800000000)
  region size 2048K, 1 young (2048K), 1 survivors (2048K)
 Metaspace       used 9208K, committed 9408K, reserved 1064960K
  class space    used 1055K, committed 1152K, reserved 1048576K
}
Event: 0.638 GC heap before
{Heap before GC invocations=11 (full 0):
 garbage-first heap   total 26624K, used 14286K [0x0000000704400000, 0x0000000800000000)
  region size 2048K, 4 young (8192K), 1 survivors (2048K)
 Metaspace       used 9225K, committed 9408K, reserved 1064960K
  class space    used 1055K, committed 1152K, reserved 1048576K
}
Event: 0.641 GC heap after
{Heap after GC invocations=12 (full 0):
 garbage-first heap   total 26624K, used 9615K [0x0000000704400000, 0x0000000800000000)
  region size 2048K, 1 young (2048K), 1 survivors (2048K)
 Metaspace       used 9225K, committed 9408K, reserved 1064960K
  class space    used 1055K, committed 1152K, reserved 1048576K
}
Event: 0.750 GC heap before
{Heap before GC invocations=12 (full 0):
 garbage-first heap   total 26624K, used 15759K [0x0000000704400000, 0x0000000800000000)
  region size 2048K, 4 young (8192K), 1 survivors (2048K)
 Metaspace       used 10156K, committed 10368K, reserved 1064960K
  class space    used 1167K, committed 1280K, reserved 1048576K
}

Deoptimization events (20 events):
Event: 0.540 Thread 0x0000024da6101390 Uncommon trap: trap_request=0xffffff45 fr.pc=0x0000024db54b1d30 relative=0x0000000000000870
Event: 0.540 Thread 0x0000024da6101390 Uncommon trap: reason=unstable_if action=reinterpret pc=0x0000024db54b1d30 method=jdk.internal.jimage.ImageStringsReader.stringFromByteBuffer(Ljava/nio/ByteBuffer;I)Ljava/lang/String; @ 7 c2
Event: 0.540 Thread 0x0000024da6101390 DEOPT PACKING pc=0x0000024db54b1d30 sp=0x000000f4879fdcb0
Event: 0.540 Thread 0x0000024da6101390 DEOPT UNPACKING pc=0x0000024db4f05ba3 sp=0x000000f4879fdc00 mode 2
Event: 0.600 Thread 0x0000024da6101390 Uncommon trap: trap_request=0xffffff45 fr.pc=0x0000024db54b4248 relative=0x0000000000000048
Event: 0.600 Thread 0x0000024da6101390 Uncommon trap: reason=unstable_if action=reinterpret pc=0x0000024db54b4248 method=com.sun.tools.javac.util.ArrayUtils.ensureCapacity([BI)[B @ 3 c2
Event: 0.600 Thread 0x0000024da6101390 DEOPT PACKING pc=0x0000024db54b4248 sp=0x000000f4879fcd30
Event: 0.600 Thread 0x0000024da6101390 DEOPT UNPACKING pc=0x0000024db4f05ba3 sp=0x000000f4879fcca8 mode 2
Event: 0.689 Thread 0x0000024da6101390 Uncommon trap: trap_request=0xffffff45 fr.pc=0x0000024db54b7398 relative=0x0000000000000a58
Event: 0.689 Thread 0x0000024da6101390 Uncommon trap: reason=unstable_if action=reinterpret pc=0x0000024db54b7398 method=com.sun.tools.javac.util.ArrayUtils.ensureCapacity([BI)[B @ 3 c2
Event: 0.689 Thread 0x0000024da6101390 DEOPT PACKING pc=0x0000024db54b7398 sp=0x000000f4879fcf30
Event: 0.689 Thread 0x0000024da6101390 DEOPT UNPACKING pc=0x0000024db4f05ba3 sp=0x000000f4879fce58 mode 2
Event: 0.719 Thread 0x0000024da6101390 Uncommon trap: trap_request=0xffffff45 fr.pc=0x0000024db549f94c relative=0x000000000000030c
Event: 0.719 Thread 0x0000024da6101390 Uncommon trap: reason=unstable_if action=reinterpret pc=0x0000024db549f94c method=java.util.HashMap.getNode(Ljava/lang/Object;)Ljava/util/HashMap$Node; @ 66 c2
Event: 0.719 Thread 0x0000024da6101390 DEOPT PACKING pc=0x0000024db549f94c sp=0x000000f4879fdd30
Event: 0.719 Thread 0x0000024da6101390 DEOPT UNPACKING pc=0x0000024db4f05ba3 sp=0x000000f4879fdcb0 mode 2
Event: 0.719 Thread 0x0000024da6101390 Uncommon trap: trap_request=0xffffff45 fr.pc=0x0000024db54c725c relative=0x000000000000151c
Event: 0.719 Thread 0x0000024da6101390 Uncommon trap: reason=unstable_if action=reinterpret pc=0x0000024db54c725c method=java.util.HashMap.putVal(ILjava/lang/Object;Ljava/lang/Object;ZZ)Ljava/lang/Object; @ 94 c2
Event: 0.719 Thread 0x0000024da6101390 DEOPT PACKING pc=0x0000024db54c725c sp=0x000000f4879fdcd0
Event: 0.719 Thread 0x0000024da6101390 DEOPT UNPACKING pc=0x0000024db4f05ba3 sp=0x000000f4879fdc88 mode 2

Classes unloaded (0 events):
No events

Classes redefined (0 events):
No events

Internal exceptions (20 events):
Event: 0.502 Thread 0x0000024da6101390 Exception <a 'sun/nio/fs/WindowsException'{0x0000000704e998b8}> (0x0000000704e998b8) 
thrown [s\open\src\hotspot\share\prims\jni.cpp, line 516]
Event: 0.503 Thread 0x0000024da6101390 Exception <a 'java/lang/NoSuchMethodError'{0x0000000704e9d7d8}: 'int java.lang.invoke.DirectMethodHandle$Holder.invokeSpecial(java.lang.Object, java.lang.Object, java.lang.Object)'> (0x0000000704e9d7d8) 
thrown [s\open\src\hotspot\share\interpreter\linkResolver.cpp, line 759]
Event: 0.505 Thread 0x0000024da6101390 Exception <a 'sun/nio/fs/WindowsException'{0x0000000704ea8028}> (0x0000000704ea8028) 
thrown [s\open\src\hotspot\share\prims\jni.cpp, line 516]
Event: 0.505 Thread 0x0000024da6101390 Exception <a 'sun/nio/fs/WindowsException'{0x0000000704ea83e8}> (0x0000000704ea83e8) 
thrown [s\open\src\hotspot\share\prims\jni.cpp, line 516]
Event: 0.505 Thread 0x0000024da6101390 Exception <a 'sun/nio/fs/WindowsException'{0x0000000704ea94f8}> (0x0000000704ea94f8) 
thrown [s\open\src\hotspot\share\prims\jni.cpp, line 516]
Event: 0.505 Thread 0x0000024da6101390 Exception <a 'sun/nio/fs/WindowsException'{0x0000000704ea98b0}> (0x0000000704ea98b0) 
thrown [s\open\src\hotspot\share\prims\jni.cpp, line 516]
Event: 0.520 Thread 0x0000024da6101390 Exception <a 'java/lang/NoSuchMethodError'{0x0000000704f23818}: 'java.lang.Object java.lang.invoke.DirectMethodHandle$Holder.invokeStatic(java.lang.Object, java.lang.Object, int, int)'> (0x0000000704f23818) 
thrown [s\open\src\hotspot\share\interpreter\linkResolver.cpp, line 759]
Event: 0.546 Thread 0x0000024da6101390 Exception <a 'sun/nio/fs/WindowsException'{0x0000000705a536d0}> (0x0000000705a536d0) 
thrown [s\open\src\hotspot\share\prims\jni.cpp, line 516]
Event: 0.547 Thread 0x0000024da6101390 Exception <a 'sun/nio/fs/WindowsException'{0x0000000705a579f0}> (0x0000000705a579f0) 
thrown [s\open\src\hotspot\share\prims\jni.cpp, line 516]
Event: 0.547 Thread 0x0000024da6101390 Exception <a 'sun/nio/fs/WindowsException'{0x0000000705a57de0}> (0x0000000705a57de0) 
thrown [s\open\src\hotspot\share\prims\jni.cpp, line 516]
Event: 0.588 Thread 0x0000024da6101390 Exception <a 'sun/nio/fs/WindowsException'{0x000000070583a200}> (0x000000070583a200) 
thrown [s\open\src\hotspot\share\prims\jni.cpp, line 516]
Event: 0.590 Thread 0x0000024da6101390 Exception <a 'sun/nio/fs/WindowsException'{0x000000070584db18}> (0x000000070584db18) 
thrown [s\open\src\hotspot\share\prims\jni.cpp, line 516]
Event: 0.590 Thread 0x0000024da6101390 Exception <a 'sun/nio/fs/WindowsException'{0x000000070584def8}> (0x000000070584def8) 
thrown [s\open\src\hotspot\share\prims\jni.cpp, line 516]
Event: 0.609 Thread 0x0000024da6101390 Exception <a 'sun/nio/fs/WindowsException'{0x00000007056a65e8}> (0x00000007056a65e8) 
thrown [s\open\src\hotspot\share\prims\jni.cpp, line 516]
Event: 0.609 Thread 0x0000024da6101390 Exception <a 'sun/nio/fs/WindowsException'{0x00000007056a69a8}> (0x00000007056a69a8) 
thrown [s\open\src\hotspot\share\prims\jni.cpp, line 516]
Event: 0.609 Thread 0x0000024da6101390 Exception <a 'sun/nio/fs/WindowsException'{0x00000007056a7ab8}> (0x00000007056a7ab8) 
thrown [s\open\src\hotspot\share\prims\jni.cpp, line 516]
Event: 0.609 Thread 0x0000024da6101390 Exception <a 'sun/nio/fs/WindowsException'{0x00000007056a7e78}> (0x00000007056a7e78) 
thrown [s\open\src\hotspot\share\prims\jni.cpp, line 516]
Event: 0.642 Thread 0x0000024da6101390 Exception <a 'java/lang/NoSuchMethodError'{0x0000000705a0b278}: 'void java.lang.invoke.DirectMethodHandle$Holder.invokeSpecial(java.lang.Object, java.lang.Object, java.lang.Object, java.lang.Object, java.lang.Object)'> (0x0000000705a0b278) 
thrown [s\open\src\hotspot\share\interpreter\linkResolver.cpp, line 759]
Event: 0.713 Thread 0x0000024da6101390 Exception <a 'java/lang/NoSuchMethodError'{0x000000070567a950}: 'void java.lang.invoke.DirectMethodHandle$Holder.invokeVirtual(java.lang.Object, java.lang.Object)'> (0x000000070567a950) 
thrown [s\open\src\hotspot\share\interpreter\linkResolver.cpp, line 759]
Event: 0.748 Thread 0x0000024da6101390 Exception <a 'java/lang/NoSuchMethodError'{0x00000007057e4a58}: 'int java.lang.invoke.DirectMethodHandle$Holder.invokeStatic(java.lang.Object, java.lang.Object, java.lang.Object, java.lang.Object)'> (0x00000007057e4a58) 
thrown [s\open\src\hotspot\share\interpreter\linkResolver.cpp, line 759]

VM Operations (20 events):
Event: 0.471 Executing VM operation: G1CollectForAllocation done
Event: 0.490 Executing VM operation: G1CollectForAllocation
Event: 0.492 Executing VM operation: G1CollectForAllocation done
Event: 0.511 Executing VM operation: G1CollectForAllocation
Event: 0.513 Executing VM operation: G1CollectForAllocation done
Event: 0.529 Executing VM operation: HandshakeAllThreads
Event: 0.529 Executing VM operation: HandshakeAllThreads done
Event: 0.537 Executing VM operation: G1CollectForAllocation
Event: 0.539 Executing VM operation: G1CollectForAllocation done
Event: 0.573 Executing VM operation: G1CollectForAllocation
Event: 0.577 Executing VM operation: G1CollectForAllocation done
Event: 0.606 Executing VM operation: HandshakeAllThreads
Event: 0.606 Executing VM operation: HandshakeAllThreads done
Event: 0.612 Executing VM operation: G1CollectForAllocation
Event: 0.616 Executing VM operation: G1CollectForAllocation done
Event: 0.637 Executing VM operation: G1CollectForAllocation
Event: 0.641 Executing VM operation: G1CollectForAllocation done
Event: 0.724 Executing VM operation: ICBufferFull
Event: 0.724 Executing VM operation: ICBufferFull done
Event: 0.750 Executing VM operation: G1CollectForAllocation

Events (20 events):
Event: 0.445 loading class java/util/stream/Nodes$SpinedNodeBuilder
Event: 0.445 loading class java/util/stream/Node$Builder
Event: 0.445 loading class java/util/stream/Node$Builder done
Event: 0.445 loading class java/util/stream/Nodes$SpinedNodeBuilder done
Event: 0.445 loading class sun/nio/fs/WindowsPath$WindowsPathWithAttributes
Event: 0.445 loading class sun/nio/fs/BasicFileAttributesHolder
Event: 0.445 loading class sun/nio/fs/BasicFileAttributesHolder done
Event: 0.445 loading class sun/nio/fs/WindowsPath$WindowsPathWithAttributes done
Event: 0.521 loading class java/lang/invoke/MethodHandle$1
Event: 0.521 loading class java/lang/invoke/MethodHandle$1 done
Event: 0.529 loading class jdk/internal/jimage/ImageReader$LinkNode
Event: 0.529 loading class jdk/internal/jimage/ImageReader$LinkNode done
Event: 0.669 loading class java/util/stream/ReduceOps$1
Event: 0.669 loading class java/util/stream/ReduceOps$1 done
Event: 0.669 loading class java/util/stream/ReduceOps$1ReducingSink
Event: 0.669 loading class java/util/stream/ReduceOps$1ReducingSink done
Event: 0.677 loading class java/util/stream/Nodes$FixedNodeBuilder
Event: 0.677 loading class java/util/stream/Nodes$ArrayNode
Event: 0.677 loading class java/util/stream/Nodes$ArrayNode done
Event: 0.677 loading class java/util/stream/Nodes$FixedNodeBuilder done


Dynamic libraries:
0x00007ff7be700000 - 0x00007ff7be708000 	C:\Program Files\Java\jdk-17\bin\javac.exe
0x00007ffeb8150000 - 0x00007ffeb8367000 	C:\WINDOWS\SYSTEM32\ntdll.dll
0x00007ffeb7a70000 - 0x00007ffeb7b34000 	C:\WINDOWS\System32\KERNEL32.DLL
0x00007ffeb5500000 - 0x00007ffeb58a6000 	C:\WINDOWS\System32\KERNELBASE.dll
0x00007ffeb59d0000 - 0x00007ffeb5ae1000 	C:\WINDOWS\System32\ucrtbase.dll
0x00007ffeb01e0000 - 0x00007ffeb01f8000 	C:\Program Files\Java\jdk-17\bin\jli.dll
0x00007ffeb5eb0000 - 0x00007ffeb5f60000 	C:\WINDOWS\System32\ADVAPI32.dll
0x00007ffeb7b40000 - 0x00007ffeb7be7000 	C:\WINDOWS\System32\msvcrt.dll
0x00007ffe9f070000 - 0x00007ffe9f08b000 	C:\Program Files\Java\jdk-17\bin\VCRUNTIME140.dll
0x00007ffeb6060000 - 0x00007ffeb6106000 	C:\WINDOWS\System32\sechost.dll
0x00007ffeb7640000 - 0x00007ffeb7757000 	C:\WINDOWS\System32\RPCRT4.dll
0x00007ffeb6160000 - 0x00007ffeb630d000 	C:\WINDOWS\System32\USER32.dll
0x00007ffeb54d0000 - 0x00007ffeb54f6000 	C:\WINDOWS\System32\win32u.dll
0x00007ffea0140000 - 0x00007ffea03d3000 	C:\WINDOWS\WinSxS\amd64_microsoft.windows.common-controls_6595b64144ccf1df_6.0.22621.2361_none_2712ced57382f843\COMCTL32.dll
0x00007ffeb78b0000 - 0x00007ffeb78d9000 	C:\WINDOWS\System32\GDI32.dll
0x00007ffeb58b0000 - 0x00007ffeb59c8000 	C:\WINDOWS\System32\gdi32full.dll
0x00007ffeb5af0000 - 0x00007ffeb5b8a000 	C:\WINDOWS\System32\msvcp_win.dll
0x00007ffeae640000 - 0x00007ffeae64a000 	C:\WINDOWS\SYSTEM32\VERSION.dll
0x00007ffeb7450000 - 0x00007ffeb7481000 	C:\WINDOWS\System32\IMM32.DLL
0x00007ffeb0db0000 - 0x00007ffeb0dbc000 	C:\Program Files\Java\jdk-17\bin\vcruntime140_1.dll
0x00007ffe97a70000 - 0x00007ffe97afe000 	C:\Program Files\Java\jdk-17\bin\msvcp140.dll
0x00007ffe6b480000 - 0x00007ffe6c057000 	C:\Program Files\Java\jdk-17\bin\server\jvm.dll
0x00007ffeb6330000 - 0x00007ffeb6338000 	C:\WINDOWS\System32\PSAPI.DLL
0x00007ffe8de10000 - 0x00007ffe8de19000 	C:\WINDOWS\SYSTEM32\WSOCK32.dll
0x00007ffeaed50000 - 0x00007ffeaed84000 	C:\WINDOWS\SYSTEM32\WINMM.dll
0x00007ffeb64b0000 - 0x00007ffeb6521000 	C:\WINDOWS\System32\WS2_32.dll
0x00007ffeb4600000 - 0x00007ffeb4618000 	C:\WINDOWS\SYSTEM32\kernel.appcore.dll
0x00007ffeb0d30000 - 0x00007ffeb0d3a000 	C:\Program Files\Java\jdk-17\bin\jimage.dll
0x00007ffea9230000 - 0x00007ffea945e000 	C:\WINDOWS\SYSTEM32\DBGHELP.DLL
0x00007ffeb7bf0000 - 0x00007ffeb7f7a000 	C:\WINDOWS\System32\combase.dll
0x00007ffeb8030000 - 0x00007ffeb8107000 	C:\WINDOWS\System32\OLEAUT32.dll
0x00007ffeac7a0000 - 0x00007ffeac7d2000 	C:\WINDOWS\SYSTEM32\dbgcore.DLL
0x00007ffeb5b90000 - 0x00007ffeb5c0a000 	C:\WINDOWS\System32\bcryptPrimitives.dll
0x00007ffe9efd0000 - 0x00007ffe9eff5000 	C:\Program Files\Java\jdk-17\bin\java.dll
0x00007ffe992f0000 - 0x00007ffe993c7000 	C:\Program Files\Java\jdk-17\bin\jsvml.dll
0x00007ffeb6590000 - 0x00007ffeb6de8000 	C:\WINDOWS\System32\SHELL32.dll
0x00007ffeb3440000 - 0x00007ffeb3d32000 	C:\WINDOWS\SYSTEM32\windows.storage.dll
0x00007ffeb3300000 - 0x00007ffeb343e000 	C:\WINDOWS\SYSTEM32\wintypes.dll
0x00007ffeb7970000 - 0x00007ffeb7a63000 	C:\WINDOWS\System32\SHCORE.dll
0x00007ffeb6530000 - 0x00007ffeb658e000 	C:\WINDOWS\System32\shlwapi.dll
0x00007ffeb5400000 - 0x00007ffeb5426000 	C:\WINDOWS\SYSTEM32\profapi.dll
0x00007ffe9efb0000 - 0x00007ffe9efc9000 	C:\Program Files\Java\jdk-17\bin\net.dll
0x00007ffeb05d0000 - 0x00007ffeb0707000 	C:\WINDOWS\SYSTEM32\WINHTTP.dll
0x00007ffeb4a80000 - 0x00007ffeb4ae9000 	C:\WINDOWS\system32\mswsock.dll
0x00007ffe9ef90000 - 0x00007ffe9efa6000 	C:\Program Files\Java\jdk-17\bin\nio.dll
0x00007ffe9ec30000 - 0x00007ffe9ec48000 	C:\Program Files\Java\jdk-17\bin\zip.dll

dbghelp: loaded successfully - version: 4.0.5 - missing functions: none
symbol engine: initialized successfully - sym options: 0x614 - pdb path: .;C:\Program Files\Java\jdk-17\bin;C:\WINDOWS\SYSTEM32;C:\WINDOWS\WinSxS\amd64_microsoft.windows.common-controls_6595b64144ccf1df_6.0.22621.2361_none_2712ced57382f843;C:\Program Files\Java\jdk-17\bin\server

VM Arguments:
jvm_args: -Dapplication.home=C:\Program Files\Java\jdk-17 --add-modules=ALL-DEFAULT -Xms8m -Djdk.module.main=jdk.compiler 
java_command: jdk.compiler/com.sun.tools.javac.Main -d C:\Users\DELL\Music\Documents\NetBeansProjects\-management-of-a-ceramic-processing-company\build\classes -classpath C:\Users\DELL\Music\Documents\NetBeansProjects\-management-of-a-ceramic-processing-company\build\classes;C:\Users\DELL\Music\Documents\NetBeansProjects\-management-of-a-ceramic-processing-company\lib\absolutelayout\AbsoluteLayout.jar;C:\Users\DELL\Music\Documents\NetBeansProjects\-management-of-a-ceramic-processing-company\lib\CopyLibs\org-netbeans-modules-java-j2seproject-copylibstask.jar;C:\Users\DELL\Music\Documents\NetBeansProjects\-management-of-a-ceramic-processing-company\lib\sqljdbc42.jar;C:\Users\DELL\Music\Documents\NetBeansProjects\-management-of-a-ceramic-processing-company\lib\jcalendar-1.4\lib\jcalendar-1.4.jar;C:\Users\DELL\Music\Documents\NetBeansProjects\-management-of-a-ceramic-processing-company\lib\swingx-all-1.6.4.jar -sourcepath C:\Users\DELL\Music\Documents\NetBeansProjects\-management-of-a-ceramic-processing-company\build\empty -target 17 -encoding UTF-8 -g -processorpath C:\Users\DELL\Music\Documents\NetBeansProjects\-management-of-a-ceramic-processing-company\lib\absolutelayout\AbsoluteLayout.jar;C:\Users\DELL\Music\Documents\NetBeansProjects\-management-of-a-ceramic-processing-company\lib\CopyLibs\org-netbeans-modules-java-j2seproject-copylibstask.jar;C:\Users\DELL\Downloads\jcalendar-1.4\lib\jcalendar-1.4.jar;C:\Users\DELL\Music\Documents\NetBeansProjects\-management-of-a-ceramic-processing-company\lib\sqljdbc42.jar;C:\Users\DELL\Music\Documents\NetBeansProjects\-management-of-a-ceramic-processing-company\lib\jcalendar-1.4\lib\jcalendar-1.4.jar;C:\Users\DELL\Music\Documents\NetBeansProjects\-management-of-a-ceramic-processing-company\lib\swingx-all-1.6.4.jar;C:\Users\DELL\Music\Documents\NetBeansProjects\-management-of-a-ceramic-processing-company\build\empty -s C:\Users\DELL\Music\Documents\NetBeansProjects\-management-of-a-ceramic-processing-company\build\generated-s
java_class_path (initial): <not set>
Launcher Type: SUN_STANDARD

[Global flags]
     intx CICompilerCount                          = 4                                         {product} {ergonomic}
     uint ConcGCThreads                            = 2                                         {product} {ergonomic}
     uint G1ConcRefinementThreads                  = 8                                         {product} {ergonomic}
   size_t G1HeapRegionSize                         = 2097152                                   {product} {ergonomic}
    uintx GCDrainStackTargetSize                   = 64                                        {product} {ergonomic}
   size_t InitialHeapSize                          = 8388608                                   {product} {command line}
   size_t MarkStackSize                            = 4194304                                   {product} {ergonomic}
   size_t MaxHeapSize                              = 4223664128                                {product} {ergonomic}
   size_t MaxNewSize                               = 2533359616                                {product} {ergonomic}
   size_t MinHeapDeltaBytes                        = 2097152                                   {product} {ergonomic}
   size_t MinHeapSize                              = 8388608                                   {product} {command line}
    uintx NonNMethodCodeHeapSize                   = 5839372                                {pd product} {ergonomic}
    uintx NonProfiledCodeHeapSize                  = 122909434                              {pd product} {ergonomic}
    uintx ProfiledCodeHeapSize                     = 122909434                              {pd product} {ergonomic}
    uintx ReservedCodeCacheSize                    = 251658240                              {pd product} {ergonomic}
     bool SegmentedCodeCache                       = true                                      {product} {ergonomic}
   size_t SoftMaxHeapSize                          = 4223664128                             {manageable} {ergonomic}
     bool UseCompressedClassPointers               = true                           {product lp64_product} {ergonomic}
     bool UseCompressedOops                        = true                           {product lp64_product} {ergonomic}
     bool UseG1GC                                  = true                                      {product} {ergonomic}
     bool UseLargePagesIndividualAllocation        = false                                  {pd product} {ergonomic}

Logging:
Log output configuration:
 #0: stdout all=warning uptime,level,tags
 #1: stderr all=off uptime,level,tags

Environment Variables:
PATH=C:\Program Files\Common Files\Oracle\Java\javapath;C:\WINDOWS\system32;C:\WINDOWS;C:\WINDOWS\System32\Wbem;C:\WINDOWS\System32\WindowsPowerShell\v1.0\;C:\WINDOWS\System32\OpenSSH\;C:\Program Files\Java\jdk-18.0.1.1\bin;C:\Program Files\Microsoft SQL Server\Client SDK\ODBC\170\Tools\Binn\;C:\Program Files (x86)\Microsoft SQL Server\150\Tools\Binn\;C:\Program Files\Microsoft SQL Server\150\Tools\Binn\;C:\Program Files\Microsoft SQL Server\150\DTS\Binn\;C:\Program Files\Azure Data Studio\bin;C:\Program Files\dotnet\;C:\Program Files\Cloudflare\Cloudflare WARP\;C:\Program Files\MongoDB\Server\4.4\bin;C:\Program Files\MongoDB\Tools\100\bin;C:\Program Files\nodejs\;C:\Program Files\Java\jdk-17\bin;C:\Program Files\Git\cmd;C:\Program Files\Calibre2\;C:\Program Files (x86)\mingw64\bin;C:\Program Files (x86)\Microsoft SQL Server\160\Tools\Binn\;C:\Program Files\Microsoft SQL Server\160\Tools\Binn\;C:\Program Files\Microsoft SQL Server\160\DTS\Binn\;C:\Program Files (x86)\Microsoft SQL Server\160\DTS\Binn\;C:\Users\DELL\AppData\Local\Microsoft\WindowsApps;C:\Program Files\Azure Data Studio\bin;C:\Users\DELL\AppData\Local\Programs\mongosh\;C:\Users\DELL\AppData\Roaming\npm;C:\Users\DELL\AppData\Local\Programs\Microsoft VS Code\bin
USERNAME=DELL
OS=Windows_NT
PROCESSOR_IDENTIFIER=Intel64 Family 6 Model 140 Stepping 1, GenuineIntel



---------------  S Y S T E M  ---------------

OS:
 Windows 11 , 64 bit Build 22621 (10.0.22621.2428)
OS uptime: 0 days 5:27 hours

CPU: total 8 (initial active 8) (4 cores per cpu, 2 threads per core) family 6 model 140 stepping 1 microcode 0xac, cx8, cmov, fxsr, ht, mmx, 3dnowpref, sse, sse2, sse3, ssse3, sse4.1, sse4.2, popcnt, lzcnt, tsc, tscinvbit, avx, avx2, aes, erms, clmul, bmi1, bmi2, adx, avx512f, avx512dq, avx512cd, avx512bw, avx512vl, sha, fma, vzeroupper, avx512_vpopcntdq, avx512_vpclmulqdq, avx512_vaes, avx512_vnni, clflush, clflushopt, clwb, avx512_vbmi2, avx512_vbmi

Memory: 4k page, system-wide physical 16110M (3072M free)
TotalPageFile size 18158M (AvailPageFile size 16M)
current process WorkingSet (physical memory assigned to process): 109M, peak: 109M
current process commit charge ("private bytes"): 152M, peak: 174M

vm_info: Java HotSpot(TM) 64-Bit Server VM (17.0.6+9-LTS-190) for windows-amd64 JRE (17.0.6+9-LTS-190), built on Dec  6 2022 15:53:54 by "mach5one" with MS VC++ 17.1 (VS2022)

END.
