#
# There is insufficient memory for the Java Runtime Environment to continue.
# Native memory allocation (mmap) failed to map 264241152 bytes for G1 virtual space
# Possible reasons:
#   The system is out of physical RAM or swap space
#   The process is running with CompressedOops enabled, and the Java Heap may be blocking the growth of the native heap
# Possible solutions:
#   Reduce memory load on the system
#   Increase physical memory or swap space
#   Check if swap backing store is full
#   Decrease Java heap size (-Xmx/-Xms)
#   Decrease number of Java threads
#   Decrease Java thread stack sizes (-Xss)
#   Set larger code cache with -XX:ReservedCodeCacheSize=
#   JVM is running with Zero Based Compressed Oops mode in which the Java heap is
#     placed in the first 32GB address space. The Java Heap base address is the
#     maximum limit for the native heap growth. Please use -XX:HeapBaseMinAddress
#     to set the Java Heap base and to place the Java Heap above 32GB virtual address.
# This output file may be truncated or incomplete.
#
#  Out of Memory Error (os_windows.cpp:3550), pid=2568, tid=22732
#
# JRE version:  (17.0.6+9) (build )
# Java VM: Java HotSpot(TM) 64-Bit Server VM (17.0.6+9-LTS-190, mixed mode, sharing, tiered, compressed oops, compressed class ptrs, g1 gc, windows-amd64)
# No core dump will be written. Minidumps are not enabled by default on client versions of Windows
#

---------------  S U M M A R Y ------------

Command Line: -Dfile.encoding=UTF-8 ptud.Main

Host: 11th Gen Intel(R) Core(TM) i7-1165G7 @ 2.80GHz, 8 cores, 15G,  Windows 11 , 64 bit Build 22621 (10.0.22621.2428)
Time: Tue Nov 14 14:13:45 2023 SE Asia Standard Time elapsed time: 0.006869 seconds (0d 0h 0m 0s)

---------------  T H R E A D  ---------------

Current thread (0x00000184066d9fd0):  JavaThread "Unknown thread" [_thread_in_vm, id=22732, stack(0x0000004313800000,0x0000004313900000)]

Stack: [0x0000004313800000,0x0000004313900000]
Native frames: (J=compiled Java code, j=interpreted, Vv=VM code, C=native code)
V  [jvm.dll+0x6734ea]
V  [jvm.dll+0x7d18f4]
V  [jvm.dll+0x7d309e]
V  [jvm.dll+0x7d3703]
V  [jvm.dll+0x2433c5]
V  [jvm.dll+0x6703f9]
V  [jvm.dll+0x664d32]
V  [jvm.dll+0x300086]
V  [jvm.dll+0x307606]
V  [jvm.dll+0x356c1e]
V  [jvm.dll+0x356e4f]
V  [jvm.dll+0x2d72e8]
V  [jvm.dll+0x2d8254]
V  [jvm.dll+0x7a33b1]
V  [jvm.dll+0x3647f1]
V  [jvm.dll+0x782839]
V  [jvm.dll+0x3e757f]
V  [jvm.dll+0x3e9001]
C  [jli.dll+0x5297]
C  [ucrtbase.dll+0x29363]
C  [KERNEL32.DLL+0x1257d]
C  [ntdll.dll+0x5aa78]


---------------  P R O C E S S  ---------------

Threads class SMR info:
_java_thread_list=0x00007ffe6bf2e958, length=0, elements={
}

Java Threads: ( => current thread )

Other Threads:
  0x0000018408917450 GCTaskThread "GC Thread#0" [stack: 0x0000004313900000,0x0000004313a00000] [id=17752]
  0x0000018408927f50 ConcurrentGCThread "G1 Main Marker" [stack: 0x0000004313a00000,0x0000004313b00000] [id=2408]
  0x0000018408928960 ConcurrentGCThread "G1 Conc#0" [stack: 0x0000004313b00000,0x0000004313c00000] [id=22608]

[error occurred during error reporting (printing all threads), id 0xc0000005, EXCEPTION_ACCESS_VIOLATION (0xc0000005) at pc=0x00007ffe6b767f07]

VM state: not at safepoint (not fully initialized)

VM Mutex/Monitor currently owned by a thread:  ([mutex/lock_event])
[0x00000184088ac7b0] Heap_lock - owner thread: 0x00000184066d9fd0

Heap address: 0x0000000704400000, size: 4028 MB, Compressed Oops mode: Zero based, Oop shift amount: 3

CDS archive(s) mapped at: [0x0000000000000000-0x0000000000000000-0x0000000000000000), size 0, SharedBaseAddress: 0x0000000800000000, ArchiveRelocationMode: 0.
Narrow klass base: 0x0000000000000000, Narrow klass shift: 0, Narrow klass range: 0x0

GC Precious Log:
<Empty>

Heap:
 garbage-first heap   total 0K, used 0K [0x0000000704400000, 0x0000000800000000)
  region size 2048K, 0 young (0K), 0 survivors (0K)

[error occurred during error reporting (printing heap information), id 0xc0000005, EXCEPTION_ACCESS_VIOLATION (0xc0000005) at pc=0x00007ffe6bb4c759]

GC Heap History (0 events):
No events

Deoptimization events (0 events):
No events

Classes unloaded (0 events):
No events

Classes redefined (0 events):
No events

Internal exceptions (0 events):
No events

VM Operations (0 events):
No events

Events (1 events):
Event: 0.004 Loaded shared library C:\Program Files\Java\jdk-17\bin\java.dll


Dynamic libraries:
0x00007ff6390d0000 - 0x00007ff6390e0000 	C:\Program Files\Java\jdk-17\bin\java.exe
0x00007ffeb8150000 - 0x00007ffeb8367000 	C:\WINDOWS\SYSTEM32\ntdll.dll
0x00007ffeb7a70000 - 0x00007ffeb7b34000 	C:\WINDOWS\System32\KERNEL32.DLL
0x00007ffeb5500000 - 0x00007ffeb58a6000 	C:\WINDOWS\System32\KERNELBASE.dll
0x00007ffeb59d0000 - 0x00007ffeb5ae1000 	C:\WINDOWS\System32\ucrtbase.dll
0x00007ffeb01e0000 - 0x00007ffeb01f8000 	C:\Program Files\Java\jdk-17\bin\jli.dll
0x00007ffe9f070000 - 0x00007ffe9f08b000 	C:\Program Files\Java\jdk-17\bin\VCRUNTIME140.dll
0x00007ffeb5eb0000 - 0x00007ffeb5f60000 	C:\WINDOWS\System32\ADVAPI32.dll
0x00007ffeb7b40000 - 0x00007ffeb7be7000 	C:\WINDOWS\System32\msvcrt.dll
0x00007ffeb6060000 - 0x00007ffeb6106000 	C:\WINDOWS\System32\sechost.dll
0x00007ffeb7640000 - 0x00007ffeb7757000 	C:\WINDOWS\System32\RPCRT4.dll
0x00007ffeb6160000 - 0x00007ffeb630d000 	C:\WINDOWS\System32\USER32.dll
0x00007ffeb54d0000 - 0x00007ffeb54f6000 	C:\WINDOWS\System32\win32u.dll
0x00007ffea0140000 - 0x00007ffea03d3000 	C:\WINDOWS\WinSxS\amd64_microsoft.windows.common-controls_6595b64144ccf1df_6.0.22621.2361_none_2712ced57382f843\COMCTL32.dll
0x00007ffeb78b0000 - 0x00007ffeb78d9000 	C:\WINDOWS\System32\GDI32.dll
0x00007ffeb58b0000 - 0x00007ffeb59c8000 	C:\WINDOWS\System32\gdi32full.dll
0x00007ffeb5af0000 - 0x00007ffeb5b8a000 	C:\WINDOWS\System32\msvcp_win.dll
0x00007ffeae640000 - 0x00007ffeae64a000 	C:\WINDOWS\SYSTEM32\VERSION.dll
0x00007ffeb7450000 - 0x00007ffeb7481000 	C:\WINDOWS\System32\IMM32.DLL
0x00007ffeb0db0000 - 0x00007ffeb0dbc000 	C:\Program Files\Java\jdk-17\bin\vcruntime140_1.dll
0x00007ffe97a70000 - 0x00007ffe97afe000 	C:\Program Files\Java\jdk-17\bin\msvcp140.dll
0x00007ffe6b480000 - 0x00007ffe6c057000 	C:\Program Files\Java\jdk-17\bin\server\jvm.dll
0x00007ffeb6330000 - 0x00007ffeb6338000 	C:\WINDOWS\System32\PSAPI.DLL
0x00007ffe8de10000 - 0x00007ffe8de19000 	C:\WINDOWS\SYSTEM32\WSOCK32.dll
0x00007ffeaed50000 - 0x00007ffeaed84000 	C:\WINDOWS\SYSTEM32\WINMM.dll
0x00007ffeb64b0000 - 0x00007ffeb6521000 	C:\WINDOWS\System32\WS2_32.dll
0x00007ffeb4600000 - 0x00007ffeb4618000 	C:\WINDOWS\SYSTEM32\kernel.appcore.dll
0x00007ffeb0d30000 - 0x00007ffeb0d3a000 	C:\Program Files\Java\jdk-17\bin\jimage.dll
0x00007ffea9230000 - 0x00007ffea945e000 	C:\WINDOWS\SYSTEM32\DBGHELP.DLL
0x00007ffeb7bf0000 - 0x00007ffeb7f7a000 	C:\WINDOWS\System32\combase.dll
0x00007ffeb8030000 - 0x00007ffeb8107000 	C:\WINDOWS\System32\OLEAUT32.dll
0x00007ffeac7a0000 - 0x00007ffeac7d2000 	C:\WINDOWS\SYSTEM32\dbgcore.DLL
0x00007ffeb5b90000 - 0x00007ffeb5c0a000 	C:\WINDOWS\System32\bcryptPrimitives.dll
0x00007ffe9efd0000 - 0x00007ffe9eff5000 	C:\Program Files\Java\jdk-17\bin\java.dll

dbghelp: loaded successfully - version: 4.0.5 - missing functions: none
symbol engine: initialized successfully - sym options: 0x614 - pdb path: .;C:\Program Files\Java\jdk-17\bin;C:\WINDOWS\SYSTEM32;C:\WINDOWS\WinSxS\amd64_microsoft.windows.common-controls_6595b64144ccf1df_6.0.22621.2361_none_2712ced57382f843;C:\Program Files\Java\jdk-17\bin\server

VM Arguments:
jvm_args: -Dfile.encoding=UTF-8 
java_command: ptud.Main
java_class_path (initial): C:\Users\DELL\Music\Documents\NetBeansProjects\-management-of-a-ceramic-processing-company\lib\absolutelayout\AbsoluteLayout.jar;C:\Users\DELL\Music\Documents\NetBeansProjects\-management-of-a-ceramic-processing-company\lib\CopyLibs\org-netbeans-modules-java-j2seproject-copylibstask.jar;C:\Users\DELL\Music\Documents\NetBeansProjects\-management-of-a-ceramic-processing-company\lib\sqljdbc42.jar;C:\Users\DELL\Music\Documents\NetBeansProjects\-management-of-a-ceramic-processing-company\lib\jcalendar-1.4\lib\jcalendar-1.4.jar;C:\Users\DELL\Music\Documents\NetBeansProjects\-management-of-a-ceramic-processing-company\lib\swingx-all-1.6.4.jar;C:\Users\DELL\Music\Documents\NetBeansProjects\-management-of-a-ceramic-processing-company\build\classes
Launcher Type: SUN_STANDARD

[Global flags]
     intx CICompilerCount                          = 4                                         {product} {ergonomic}
     uint ConcGCThreads                            = 2                                         {product} {ergonomic}
     uint G1ConcRefinementThreads                  = 8                                         {product} {ergonomic}
   size_t G1HeapRegionSize                         = 2097152                                   {product} {ergonomic}
    uintx GCDrainStackTargetSize                   = 64                                        {product} {ergonomic}
   size_t InitialHeapSize                          = 264241152                                 {product} {ergonomic}
   size_t MarkStackSize                            = 4194304                                   {product} {ergonomic}
   size_t MaxHeapSize                              = 4223664128                                {product} {ergonomic}
   size_t MinHeapDeltaBytes                        = 2097152                                   {product} {ergonomic}
   size_t MinHeapSize                              = 8388608                                   {product} {ergonomic}
    uintx NonNMethodCodeHeapSize                   = 5839372                                {pd product} {ergonomic}
    uintx NonProfiledCodeHeapSize                  = 122909434                              {pd product} {ergonomic}
    uintx ProfiledCodeHeapSize                     = 122909434                              {pd product} {ergonomic}
    uintx ReservedCodeCacheSize                    = 251658240                              {pd product} {ergonomic}
     bool SegmentedCodeCache                       = true                                      {product} {ergonomic}
   size_t SoftMaxHeapSize                          = 4223664128                             {manageable} {ergonomic}
     bool UseCompressedClassPointers               = true                           {product lp64_product} {ergonomic}
     bool UseCompressedOops                        = true                           {product lp64_product} {ergonomic}
     bool UseG1GC                                  = true                                      {product} {ergonomic}
     bool UseLargePagesIndividualAllocation        = false                                  {pd product} {ergonomic}

Logging:
Log output configuration:
 #0: stdout all=warning uptime,level,tags
 #1: stderr all=off uptime,level,tags

Environment Variables:
PATH=C:\Program Files\Common Files\Oracle\Java\javapath;C:\WINDOWS\system32;C:\WINDOWS;C:\WINDOWS\System32\Wbem;C:\WINDOWS\System32\WindowsPowerShell\v1.0\;C:\WINDOWS\System32\OpenSSH\;C:\Program Files\Java\jdk-18.0.1.1\bin;C:\Program Files\Microsoft SQL Server\Client SDK\ODBC\170\Tools\Binn\;C:\Program Files (x86)\Microsoft SQL Server\150\Tools\Binn\;C:\Program Files\Microsoft SQL Server\150\Tools\Binn\;C:\Program Files\Microsoft SQL Server\150\DTS\Binn\;C:\Program Files\Azure Data Studio\bin;C:\Program Files\dotnet\;C:\Program Files\Cloudflare\Cloudflare WARP\;C:\Program Files\MongoDB\Server\4.4\bin;C:\Program Files\MongoDB\Tools\100\bin;C:\Program Files\nodejs\;C:\Program Files\Java\jdk-17\bin;C:\Program Files\Git\cmd;C:\Program Files\Calibre2\;C:\Program Files (x86)\mingw64\bin;C:\Program Files (x86)\Microsoft SQL Server\160\Tools\Binn\;C:\Program Files\Microsoft SQL Server\160\Tools\Binn\;C:\Program Files\Microsoft SQL Server\160\DTS\Binn\;C:\Program Files (x86)\Microsoft SQL Server\160\DTS\Binn\;C:\Users\DELL\AppData\Local\Microsoft\WindowsApps;C:\Program Files\Azure Data Studio\bin;C:\Users\DELL\AppData\Local\Programs\mongosh\;C:\Users\DELL\AppData\Roaming\npm;C:\Users\DELL\AppData\Local\Programs\Microsoft VS Code\bin
USERNAME=DELL
OS=Windows_NT
PROCESSOR_IDENTIFIER=Intel64 Family 6 Model 140 Stepping 1, GenuineIntel



---------------  S Y S T E M  ---------------

OS:
 Windows 11 , 64 bit Build 22621 (10.0.22621.2428)
OS uptime: 0 days 5:27 hours

CPU: total 8 (initial active 8) (4 cores per cpu, 2 threads per core) family 6 model 140 stepping 1 microcode 0xac, cx8, cmov, fxsr, ht, mmx, 3dnowpref, sse, sse2, sse3, ssse3, sse4.1, sse4.2, popcnt, lzcnt, tsc, tscinvbit, avx, avx2, aes, erms, clmul, bmi1, bmi2, adx, avx512f, avx512dq, avx512cd, avx512bw, avx512vl, sha, fma, vzeroupper, avx512_vpopcntdq, avx512_vpclmulqdq, avx512_vaes, avx512_vnni, clflush, clflushopt, clwb, avx512_vbmi2, avx512_vbmi

Memory: 4k page, system-wide physical 16110M (3135M free)
TotalPageFile size 18158M (AvailPageFile size 131M)
current process WorkingSet (physical memory assigned to process): 11M, peak: 11M
current process commit charge ("private bytes"): 60M, peak: 312M

vm_info: Java HotSpot(TM) 64-Bit Server VM (17.0.6+9-LTS-190) for windows-amd64 JRE (17.0.6+9-LTS-190), built on Dec  6 2022 15:53:54 by "mach5one" with MS VC++ 17.1 (VS2022)

END.
